2024-02-25 11:58:56 Loading main app package /opt/Obsidian/resources/obsidian.asar
2024-02-25 11:58:56 Checking for update using Github
2024-02-25 11:58:56 Success.
2024-02-25 11:58:56 Latest version is 1.5.8
2024-02-25 11:58:56 App is up to date.
2024-02-25 12:58:56 Checking for update using Github
2024-02-25 12:58:56 Success.
2024-02-25 12:58:56 Latest version is 1.5.8
2024-02-25 12:58:56 App is up to date.
2024-03-05 12:57:21 Loading main app package /opt/Obsidian/resources/obsidian.asar
2024-03-05 12:57:21 Checking for update using Github
2024-03-05 12:57:21 Success.
2024-03-05 12:57:21 Latest version is 1.5.8
2024-03-05 12:57:21 App is up to date.
2024-03-05 13:57:21 Checking for update using Github
2024-03-05 13:57:21 Success.
2024-03-05 13:57:21 Latest version is 1.5.8
2024-03-05 13:57:21 App is up to date.
2024-03-05 20:53:46 Loading main app package /opt/Obsidian/resources/obsidian.asar
2024-03-05 20:53:46 Checking for update using Github
2024-03-05 20:53:46 Success.
2024-03-05 20:53:46 Latest version is 1.5.8
2024-03-05 20:53:46 App is up to date.
2024-03-26 08:51:43 Loading main app package /opt/Obsidian/resources/obsidian.asar
2024-03-26 08:51:43 Checking for update using Github
2024-03-26 08:51:43 Success.
2024-03-26 08:51:43 Latest version is 1.5.11
2024-03-26 08:51:43 Downloading update from https://github.com/obsidianmd/obsidian-releases/releases/download/v1.5.11/obsidian-1.5.11.asar.gz
2024-03-26 08:51:45 Verifying hash & signature. Size= 8781777
2024-03-26 08:51:45 Saving file
2024-03-26 08:51:45 Update complete.
2024-03-26 09:51:43 Checking for update using Github
2024-03-26 09:51:43 Success.
2024-03-26 09:51:43 Latest version is 1.5.11
2024-03-26 09:51:43 An update is already downloaded.
2024-03-26 10:51:43 Checking for update using Github
2024-03-26 10:51:43 Success.
2024-03-26 10:51:43 Latest version is 1.5.11
2024-03-26 10:51:43 An update is already downloaded.
2024-03-26 11:51:43 Checking for update using Github
2024-03-26 11:51:43 Success.
2024-03-26 11:51:43 Latest version is 1.5.11
2024-03-26 11:51:43 An update is already downloaded.
2024-03-26 12:51:43 Checking for update using Github
2024-03-26 12:51:43 Success.
2024-03-26 12:51:43 Latest version is 1.5.11
2024-03-26 12:51:43 An update is already downloaded.
2024-03-26 13:51:43 Checking for update using Github
2024-03-26 13:51:43 Success.
2024-03-26 13:51:43 Latest version is 1.5.11
2024-03-26 13:51:43 An update is already downloaded.
2024-03-26 14:51:43 Checking for update using Github
2024-03-26 14:51:43 Success.
2024-03-26 14:51:43 Latest version is 1.5.11
2024-03-26 14:51:43 An update is already downloaded.
2024-03-26 15:51:43 Checking for update using Github
2024-03-26 15:51:43 Success.
2024-03-26 15:51:43 Latest version is 1.5.11
2024-03-26 15:51:43 An update is already downloaded.
2024-03-26 16:51:43 Checking for update using Github
2024-03-26 16:51:43 Success.
2024-03-26 16:51:43 Latest version is 1.5.11
2024-03-26 16:51:43 An update is already downloaded.
2024-03-26 17:51:43 Checking for update using Github
2024-03-26 17:51:43 Success.
2024-03-26 17:51:43 Latest version is 1.5.11
2024-03-26 17:51:43 An update is already downloaded.
2024-03-26 18:51:43 Checking for update using Github
2024-03-26 18:51:43 Success.
2024-03-26 18:51:43 Latest version is 1.5.11
2024-03-26 18:51:43 An update is already downloaded.
2024-03-26 19:51:43 Checking for update using Github
2024-03-26 19:51:44 Success.
2024-03-26 19:51:44 Latest version is 1.5.11
2024-03-26 19:51:44 An update is already downloaded.
2024-04-29 10:07:14 Loading updated app package /home/akulmizev/.config/obsidian/obsidian-1.5.11.asar
2024-04-29 10:07:14 Checking for update using Github
2024-04-29 10:07:15 Success.
2024-04-29 10:07:15 Latest version is 1.5.12
2024-04-29 10:07:15 Downloading update from https://github.com/obsidianmd/obsidian-releases/releases/download/v1.5.12/obsidian-1.5.12.asar.gz
2024-04-29 10:07:17 Verifying hash & signature. Size= 8781526
2024-04-29 10:07:17 Saving file
2024-04-29 10:07:17 Update complete.
2024-04-29 11:07:14 Checking for update using Github
2024-04-29 11:07:15 Success.
2024-04-29 11:07:15 Latest version is 1.5.12
2024-04-29 11:07:15 An update is already downloaded.
2024-04-29 11:22:39 Loading updated app package /home/akulmizev/.config/obsidian/obsidian-1.5.12.asar
2024-04-29 11:22:40 Checking for update using Github
2024-04-29 11:22:40 Success.
2024-04-29 11:22:40 Latest version is 1.5.12
2024-04-29 11:22:40 App is up to date.
2024-04-29 12:22:39 Checking for update using Github
2024-04-29 12:22:40 Success.
2024-04-29 12:22:40 Latest version is 1.5.12
2024-04-29 12:22:40 App is up to date.
2024-04-29 12:41:16 Loading updated app package /home/akulmizev/.config/obsidian/obsidian-1.5.12.asar
2024-04-29 12:41:16 Checking for update using Github
2024-04-29 12:41:16 Success.
2024-04-29 12:41:16 Latest version is 1.5.12
2024-04-29 12:41:16 App is up to date.
2024-04-29 12:41:50 Loading updated app package /home/akulmizev/.config/obsidian/obsidian-1.5.12.asar
2024-04-29 12:41:50 Checking for update using Github
2024-04-29 12:41:50 Success.
2024-04-29 12:41:50 Latest version is 1.5.12
2024-04-29 12:41:50 App is up to date.
2024-04-29 13:41:50 Checking for update using Github
2024-04-29 13:41:50 Success.
2024-04-29 13:41:50 Latest version is 1.5.12
2024-04-29 13:41:50 App is up to date.
2024-04-29 14:41:50 Checking for update using Github
2024-04-29 14:41:50 Success.
2024-04-29 14:41:50 Latest version is 1.5.12
2024-04-29 14:41:50 App is up to date.
2024-04-29 15:41:50 Checking for update using Github
2024-04-29 15:41:50 Success.
2024-04-29 15:41:50 Latest version is 1.5.12
2024-04-29 15:41:50 App is up to date.
2024-04-29 16:41:50 Checking for update using Github
2024-04-29 16:41:51 Success.
2024-04-29 16:41:51 Latest version is 1.5.12
2024-04-29 16:41:51 App is up to date.
2024-04-29 17:41:50 Checking for update using Github
2024-04-29 17:41:51 Success.
2024-04-29 17:41:51 Latest version is 1.5.12
2024-04-29 17:41:51 App is up to date.
2024-04-29 18:41:50 Checking for update using Github
2024-04-29 18:41:51 Success.
2024-04-29 18:41:51 Latest version is 1.5.12
2024-04-29 18:41:51 App is up to date.
2024-04-29 19:41:51 Checking for update using Github
2024-04-29 19:41:51 Success.
2024-04-29 19:41:51 Latest version is 1.5.12
2024-04-29 19:41:51 App is up to date.
2024-04-30 07:33:50 Loading updated app package /home/akulmizev/.config/obsidian/obsidian-1.5.12.asar
2024-04-30 07:33:50 Checking for update using Github
2024-04-30 07:33:50 Success.
2024-04-30 07:33:50 Latest version is 1.5.12
2024-04-30 07:33:50 App is up to date.
2024-04-30 07:34:02 Loading updated app package /home/akulmizev/.config/obsidian/obsidian-1.5.12.asar
2024-04-30 07:34:02 Checking for update using Github
2024-04-30 07:34:02 Success.
2024-04-30 07:34:02 Latest version is 1.5.12
2024-04-30 07:34:02 App is up to date.
2024-04-30 07:34:15 Loading updated app package /home/akulmizev/.config/obsidian/obsidian-1.5.12.asar
2024-04-30 07:34:15 Checking for update using Github
2024-04-30 07:34:15 Success.
2024-04-30 07:34:15 Latest version is 1.5.12
2024-04-30 07:34:15 App is up to date.
2024-04-30 08:34:15 Checking for update using Github
2024-04-30 08:34:15 Success.
2024-04-30 08:34:15 Latest version is 1.5.12
2024-04-30 08:34:15 App is up to date.
2024-04-30 09:34:15 Checking for update using Github
2024-04-30 09:34:15 Success.
2024-04-30 09:34:15 Latest version is 1.5.12
2024-04-30 09:34:15 App is up to date.
2024-04-30 10:34:15 Checking for update using Github
2024-04-30 10:34:15 Success.
2024-04-30 10:34:15 Latest version is 1.5.12
2024-04-30 10:34:15 App is up to date.
2024-04-30 11:34:15 Checking for update using Github
2024-04-30 11:34:15 Success.
2024-04-30 11:34:15 Latest version is 1.5.12
2024-04-30 11:34:15 App is up to date.
2024-04-30 12:34:15 Checking for update using Github
2024-04-30 12:34:15 Success.
2024-04-30 12:34:15 Latest version is 1.5.12
2024-04-30 12:34:15 App is up to date.
2024-04-30 13:34:15 Checking for update using Github
2024-04-30 13:35:01 Success.
2024-04-30 13:35:01 Latest version is 1.5.12
2024-04-30 13:35:01 App is up to date.
2024-04-30 14:34:15 Checking for update using Github
2024-04-30 14:34:15 Success.
2024-04-30 14:34:15 Latest version is 1.5.12
2024-04-30 14:34:15 App is up to date.
2024-04-30 15:34:15 Checking for update using Github
2024-04-30 15:34:15 Success.
2024-04-30 15:34:15 Latest version is 1.5.12
2024-04-30 15:34:15 App is up to date.
2024-04-30 16:34:15 Checking for update using Github
2024-04-30 16:34:15 Success.
2024-04-30 16:34:15 Latest version is 1.5.12
2024-04-30 16:34:15 App is up to date.
2024-04-30 17:34:15 Checking for update using Github
2024-04-30 17:34:15 Success.
2024-04-30 17:34:15 Latest version is 1.5.12
2024-04-30 17:34:15 App is up to date.
2024-04-30 18:34:15 Checking for update using Github
2024-04-30 18:34:15 Success.
2024-04-30 18:34:15 Latest version is 1.5.12
2024-04-30 18:34:15 App is up to date.
2024-04-30 19:34:15 Checking for update using Github
2024-04-30 19:34:15 Success.
2024-04-30 19:34:15 Latest version is 1.5.12
2024-04-30 19:34:15 App is up to date.
2024-04-30 20:34:15 Checking for update using Github
2024-04-30 20:34:15 Success.
2024-04-30 20:34:15 Latest version is 1.5.12
2024-04-30 20:34:15 App is up to date.
2024-04-30 21:34:15 Checking for update using Github
2024-04-30 21:34:16 Success.
2024-04-30 21:34:16 Latest version is 1.5.12
2024-04-30 21:34:16 App is up to date.
2024-05-06 13:42:35 Loading updated app package /home/akulmizev/.config/obsidian/obsidian-1.5.12.asar
2024-05-06 13:42:35 Checking for update using Github
2024-05-06 13:42:35 Success.
2024-05-06 13:42:35 Latest version is 1.5.12
2024-05-06 13:42:35 App is up to date.
2024-05-06 14:42:35 Checking for update using Github
2024-05-06 14:42:35 Success.
2024-05-06 14:42:35 Latest version is 1.5.12
2024-05-06 14:42:35 App is up to date.
2024-05-06 15:42:35 Checking for update using Github
2024-05-06 15:42:35 Success.
2024-05-06 15:42:35 Latest version is 1.5.12
2024-05-06 15:42:35 App is up to date.
2024-05-06 16:42:35 Checking for update using Github
2024-05-06 16:42:36 Success.
2024-05-06 16:42:36 Latest version is 1.5.12
2024-05-06 16:42:36 App is up to date.
2024-05-06 17:42:36 Checking for update using Github
2024-05-06 17:42:36 Success.
2024-05-06 17:42:36 Latest version is 1.5.12
2024-05-06 17:42:36 App is up to date.
2024-05-06 18:42:36 Checking for update using Github
2024-05-06 18:42:36 Success.
2024-05-06 18:42:36 Latest version is 1.5.12
2024-05-06 18:42:36 App is up to date.
2024-05-06 19:42:36 Checking for update using Github
2024-05-06 19:42:36 Success.
2024-05-06 19:42:36 Latest version is 1.5.12
2024-05-06 19:42:36 App is up to date.
2024-05-06 20:42:36 Checking for update using Github
2024-05-06 20:42:36 Success.
2024-05-06 20:42:36 Latest version is 1.5.12
2024-05-06 20:42:36 App is up to date.
2024-05-06 21:42:36 Checking for update using Github
2024-05-06 21:42:36 Success.
2024-05-06 21:42:36 Latest version is 1.5.12
2024-05-06 21:42:36 App is up to date.
2024-05-23 09:42:32 Loading updated app package /home/akulmizev/.config/obsidian/obsidian-1.5.12.asar
2024-05-23 09:42:32 Checking for update using Github
2024-05-23 09:42:33 Success.
2024-05-23 09:42:33 Latest version is 1.5.12
2024-05-23 09:42:33 App is up to date.
2024-05-23 10:42:32 Checking for update using Github
2024-05-23 10:42:32 Success.
2024-05-23 10:42:32 Latest version is 1.5.12
2024-05-23 10:42:32 App is up to date.
2024-05-23 11:42:32 Checking for update using Github
2024-05-23 11:42:33 Success.
2024-05-23 11:42:33 Latest version is 1.5.12
2024-05-23 11:42:33 App is up to date.
2024-05-23 12:42:32 Checking for update using Github
2024-05-23 12:42:33 Success.
2024-05-23 12:42:33 Latest version is 1.5.12
2024-05-23 12:42:33 App is up to date.
2024-05-23 13:42:33 Checking for update using Github
2024-05-23 13:42:33 Success.
2024-05-23 13:42:33 Latest version is 1.5.12
2024-05-23 13:42:33 App is up to date.
2024-05-23 14:42:33 Checking for update using Github
2024-05-23 14:42:33 Success.
2024-05-23 14:42:33 Latest version is 1.5.12
2024-05-23 14:42:33 App is up to date.
2024-05-23 15:42:33 Checking for update using Github
2024-05-23 15:42:33 Success.
2024-05-23 15:42:33 Latest version is 1.5.12
2024-05-23 15:42:33 App is up to date.
2024-05-23 16:42:33 Checking for update using Github
2024-05-23 16:42:33 Success.
2024-05-23 16:42:33 Latest version is 1.5.12
2024-05-23 16:42:33 App is up to date.
2024-05-23 17:42:33 Checking for update using Github
2024-05-23 17:42:33 Success.
2024-05-23 17:42:33 Latest version is 1.5.12
2024-05-23 17:42:33 App is up to date.
2024-05-23 18:42:33 Checking for update using Github
2024-05-23 18:42:33 Success.
2024-05-23 18:42:33 Latest version is 1.5.12
2024-05-23 18:42:33 App is up to date.
2024-05-23 19:42:33 Checking for update using Github
2024-05-23 19:42:33 Success.
2024-05-23 19:42:33 Latest version is 1.5.12
2024-05-23 19:42:33 App is up to date.
2024-05-23 20:42:33 Checking for update using Github
2024-05-23 20:42:33 Success.
2024-05-23 20:42:33 Latest version is 1.5.12
2024-05-23 20:42:33 App is up to date.
2024-05-23 21:42:33 Checking for update using Github
2024-05-23 21:42:33 Success.
2024-05-23 21:42:33 Latest version is 1.5.12
2024-05-23 21:42:33 App is up to date.
2024-07-05 10:54:14 Loading updated app package /home/akulmizev/.config/obsidian/obsidian-1.5.12.asar
2024-07-05 10:54:14 Checking for update using Github
2024-07-05 10:54:14 Success.
2024-07-05 10:54:14 Latest version is 1.6.5
2024-07-05 10:54:14 Downloading update from https://github.com/obsidianmd/obsidian-releases/releases/download/v1.6.5/obsidian-1.6.5.asar.gz
2024-07-05 10:54:16 Verifying hash & signature. Size= 8839622
2024-07-05 10:54:16 Saving file
2024-07-05 10:54:16 Update complete.
